Password invalid.

Password invalid.

Password invalid.

Password invalid.

Password invalid.

Password invalid.

p1:-1 0 Change 1 created with 2 open file(s).
p1:-1 0 Submitting change 1.
p1:-1 0 Locking 2 files ...
p1:-1 0 add //depot/ProjectCovid/AR-covid-interactive-visualizer/ProjectCovidVisualizer/Assets/Scenes/ARG_CountryStats.unity#1
p1:-1 0 add //depot/ProjectCovid/AR-covid-interactive-visualizer/ProjectCovidVisualizer/Assets/Scenes/ARG_CountryStats.unity.meta#1
p1:-1 0 Change 1 submitted.
p1:-1 0 Change 3 created with 2 open file(s).
p1:-1 0 Submitting change 3.
p1:-1 0 Locking 2 files ...
p1:-1 0 add //depot/ProjectCovid/AR-covid-interactive-visualizer/ProjectCovidVisualizer/Assets/Prefabs/Argentina Prefab.prefab#1
p1:-1 0 add //depot/ProjectCovid/AR-covid-interactive-visualizer/ProjectCovidVisualizer/Assets/Prefabs/Argentina Prefab.prefab.meta#1
p1:-1 0 Change 3 submitted.
p1:-1 0 Change 4 created with 2 open file(s).
p1:-1 0 Submitting change 4.
p1:-1 0 Locking 2 files ...
p1:-1 0 edit //depot/ProjectCovid/AR-covid-interactive-visualizer/ProjectCovidVisualizer/Assets/Prefabs/Argentina Prefab.prefab#2
p1:-1 0 edit //depot/ProjectCovid/AR-covid-interactive-visualizer/ProjectCovidVisualizer/Assets/Prefabs/Argentina Prefab.prefab.meta#2
p1:-1 0 Change 4 submitted.
