Using pre-set license
Built from '2020.3/staging' branch; Version is '2020.3.5f1 (8095aa901b9b) revision 8426922'; Using compiler version '192528614'; Build Type 'Release'
OS: 'Windows 10 Home Single Language; OS build 19042.1466; Version 2009; 64bit' Language: 'es' Physical Memory: 16226 MB
BatchMode: 1, IsHumanControllingUs: 0, StartBugReporterOnCrash: 0, Is64bit: 1, IsPro: 0

 COMMAND LINE ARGUMENTS:
C:\Program Files\Unity\Hub\Editor\2020.3.5f1\Editor\Unity.exe
-adb2
-batchMode
-noUpm
-name
AssetImportWorker1
-projectPath
C:/Users/matia/Desktop/Matias A. Vallejos/Github/Github.Personal/unity-ar-covid-visualizer/unity-covid-visualizer
-logFile
Logs/AssetImportWorker1.log
-srvPort
54068
Successfully changed project path to: C:/Users/matia/Desktop/Matias A. Vallejos/Github/Github.Personal/unity-ar-covid-visualizer/unity-covid-visualizer
C:/Users/matia/Desktop/Matias A. Vallejos/Github/Github.Personal/unity-ar-covid-visualizer/unity-covid-visualizer
Using Asset Import Pipeline V2.
Refreshing native plugins compatible for Editor in 77.99 ms, found 1 plugins.
Preloading 0 native plugins for Editor in 0.00 ms.
Initialize engine version: 2020.3.5f1 (8095aa901b9b)
[Subsystems] Discovering subsystems at path C:/Program Files/Unity/Hub/Editor/2020.3.5f1/Editor/Data/Resources/UnitySubsystems
[Subsystems] Discovering subsystems at path C:/Users/matia/Desktop/Matias A. Vallejos/Github/Github.Personal/unity-ar-covid-visualizer/unity-covid-visualizer/Assets
GfxDevice: creating device client; threaded=0
Direct3D:
    Version:  Direct3D 11.0 [level 11.1]
    Renderer: NVIDIA GeForce GTX 1050 (ID=0x1c8d)
    Vendor:   
    VRAM:     4019 MB
    Driver:   30.0.15.1123
Shader 'Universal Render Pipeline/Particles/Lit': fallback shader 'Universal Render Pipeline/Particles/SimpleLit' not found
Initialize mono
Mono path[0] = 'C:/Program Files/Unity/Hub/Editor/2020.3.5f1/Editor/Data/Managed'
Mono path[1] = 'C:/Program Files/Unity/Hub/Editor/2020.3.5f1/Editor/Data/MonoBleedingEdge/lib/mono/unityjit'
Mono config path = 'C:/Program Files/Unity/Hub/Editor/2020.3.5f1/Editor/Data/MonoBleedingEdge/etc'
Using monoOptions --debugger-agent=transport=dt_socket,embedding=1,server=y,suspend=n,address=127.0.0.1:56000
Begin MonoManager ReloadAssembly
Registering precompiled unity dll's ...
Register platform support module: C:/Program Files/Unity/Hub/Editor/2020.3.5f1/Editor/Data/PlaybackEngines/WebGLSupport/UnityEditor.WebGL.Extensions.dll
Register platform support module: C:/Program Files/Unity/Hub/Editor/2020.3.5f1/Editor/Data/PlaybackEngines/WindowsStandaloneSupport/UnityEditor.WindowsStandalone.Extensions.dll
Registered in 0.002343 seconds.
Native extension for WindowsStandalone target not found
Native extension for WebGL target not found
Refreshing native plugins compatible for Editor in 73.30 ms, found 1 plugins.
Preloading 0 native plugins for Editor in 0.00 ms.
Mono: successfully reloaded assembly
- Completed reload, in  1.911 seconds
Platform modules already initialized, skipping
Registering precompiled user dll's ...
Registered in 0.005385 seconds.
Begin MonoManager ReloadAssembly
Native extension for WindowsStandalone target not found
Native extension for WebGL target not found
Refreshing native plugins compatible for Editor in 74.35 ms, found 1 plugins.
Preloading 0 native plugins for Editor in 0.00 ms.
Mono: successfully reloaded assembly
- Completed reload, in  1.165 seconds
Platform modules already initialized, skipping
========================================================================
Worker process is ready to serve import requests
Shader 'Universal Render Pipeline/Particles/Lit': fallback shader 'Universal Render Pipeline/Particles/SimpleLit' not found
Launched and connected shader compiler UnityShaderCompiler.exe after 0.05 seconds
Refreshing native plugins compatible for Editor in 0.80 ms, found 1 plugins.
Preloading 0 native plugins for Editor in 0.00 ms.
Unloading 4240 Unused Serialized files (Serialized files now loaded: 0)
System memory in use before: 175.3 MB.
System memory in use after: 175.5 MB.

Unloading 20 unused Assets to reduce memory usage. Loaded Objects now: 4689.
Total: 3.010400 ms (FindLiveObjects: 0.389100 ms CreateObjectMapping: 0.246300 ms MarkObjects: 2.293900 ms  DeleteObjects: 0.079900 ms)

========================================================================
Received Import Request.
  path: Assets/Common/Console/PerfomConsoleCmd.cs
  artifactKey: Guid(23a817fedfaa1c440ae53bfacaa584e9) Importer(815301076,1909f56bfc062723c751e8b465ee728b)
Start importing Assets/Common/Console/PerfomConsoleCmd.cs using Guid(23a817fedfaa1c440ae53bfacaa584e9) Importer(815301076,1909f56bfc062723c751e8b465ee728b)  -> (artifact id: '8c96e1f15d843518d48b3287a5d52ee7') in 0.054582 seconds
  Import took 0.060619 seconds .

========================================================================
Received Prepare
Registering precompiled user dll's ...
Registered in 0.006016 seconds.
Begin MonoManager ReloadAssembly
Native extension for WindowsStandalone target not found
Native extension for WebGL target not found
Refreshing native plugins compatible for Editor in 0.74 ms, found 1 plugins.
Preloading 0 native plugins for Editor in 0.00 ms.
Mono: successfully reloaded assembly
- Completed reload, in  1.092 seconds
Platform modules already initialized, skipping
Switching build target platform(5) subTarget(0) extendedPlatform(0) -> platform(13) subTarget(524288) extendedPlatform(0)
Shader 'Universal Render Pipeline/Particles/Lit': fallback shader 'Universal Render Pipeline/Particles/SimpleLit' not found
Refreshing native plugins compatible for Editor in 0.73 ms, found 1 plugins.
Preloading 0 native plugins for Editor in 0.00 ms.
Unloading 4098 Unused Serialized files (Serialized files now loaded: 0)
System memory in use before: 164.1 MB.
System memory in use after: 164.3 MB.

Unloading 19 unused Assets to reduce memory usage. Loaded Objects now: 4687.
Total: 3.982100 ms (FindLiveObjects: 0.477500 ms CreateObjectMapping: 0.415500 ms MarkObjects: 3.042100 ms  DeleteObjects: 0.045300 ms)

AssetImportParameters requested are different than current active one (requested -> active):
  custom:graphics/normal-map-encoding: 01000000000000000000000000000000 -> 02000000000000000000000000000000
========================================================================
Received Import Request.
  Time since last request: 53.674273 seconds.
  path: Assets/Common/Utils/ChangeSceneInput.cs
  artifactKey: Guid(d8cab147f6e76094ca87868433446fab) Importer(815301076,1909f56bfc062723c751e8b465ee728b)
Start importing Assets/Common/Utils/ChangeSceneInput.cs using Guid(d8cab147f6e76094ca87868433446fab) Importer(815301076,1909f56bfc062723c751e8b465ee728b)  -> (artifact id: 'c404ee9d0d72cb3b2e210539f419178a') in 0.015857 seconds
  Import took 0.023565 seconds .

========================================================================
Received Import Request.
  Time since last request: 3.439966 seconds.
  path: Assets/Common/Utils/ExtensionMethods.cs
  artifactKey: Guid(ea60dafadc900b04f82860ca32362fd7) Importer(815301076,1909f56bfc062723c751e8b465ee728b)
Start importing Assets/Common/Utils/ExtensionMethods.cs using Guid(ea60dafadc900b04f82860ca32362fd7) Importer(815301076,1909f56bfc062723c751e8b465ee728b)  -> (artifact id: '934a0e3098196954ce543c6a6762a4f4') in 0.020394 seconds
  Import took 0.028926 seconds .

========================================================================
Received Import Request.
  Time since last request: 2.785001 seconds.
  path: Assets/Common/Utils/FaceCamera.cs
  artifactKey: Guid(4465673c828a89a4687547c857fb2af5) Importer(815301076,1909f56bfc062723c751e8b465ee728b)
Start importing Assets/Common/Utils/FaceCamera.cs using Guid(4465673c828a89a4687547c857fb2af5) Importer(815301076,1909f56bfc062723c751e8b465ee728b)  -> (artifact id: '4c0583c179350210e6d4fe9b6bfc84cd') in 0.013439 seconds
  Import took 0.020719 seconds .

========================================================================
Received Import Request.
  Time since last request: 2.202790 seconds.
  path: Assets/Common/Utils/Singlenton.cs
  artifactKey: Guid(8fbf8c3535fe22e4396c1c3c3e0b6a52) Importer(815301076,1909f56bfc062723c751e8b465ee728b)
Start importing Assets/Common/Utils/Singlenton.cs using Guid(8fbf8c3535fe22e4396c1c3c3e0b6a52) Importer(815301076,1909f56bfc062723c751e8b465ee728b)  -> (artifact id: 'ad8d311b6ab5a1f6fc5724aff173d9e9') in 0.011171 seconds
  Import took 0.018886 seconds .

========================================================================
Received Import Request.
  Time since last request: 4.013442 seconds.
  path: Assets/Common/Utils/Utility.cs
  artifactKey: Guid(09bab744c0222c64380d60c7f9a4854c) Importer(815301076,1909f56bfc062723c751e8b465ee728b)
Start importing Assets/Common/Utils/Utility.cs using Guid(09bab744c0222c64380d60c7f9a4854c) Importer(815301076,1909f56bfc062723c751e8b465ee728b)  -> (artifact id: 'f5424da2807db88537153b817bd17485') in 0.012210 seconds
  Import took 0.019212 seconds .

========================================================================
Received Import Request.
  Time since last request: 0.001056 seconds.
  path: Assets/Common/Utils/Utility.cs
  artifactKey: Guid(09bab744c0222c64380d60c7f9a4854c) Importer(815301076,1909f56bfc062723c751e8b465ee728b)
Start importing Assets/Common/Utils/Utility.cs using Guid(09bab744c0222c64380d60c7f9a4854c) Importer(815301076,1909f56bfc062723c751e8b465ee728b)  -> (artifact id: 'f5424da2807db88537153b817bd17485') in 0.003879 seconds
  Import took 0.011630 seconds .

========================================================================
Received Import Request.
  Time since last request: 24.106682 seconds.
  path: Assets/Scripts/Components/country/CountryAnimation.cs
  artifactKey: Guid(8774faefc447a20458c1e31244ff2b9e) Importer(815301076,1909f56bfc062723c751e8b465ee728b)
Start importing Assets/Scripts/Components/country/CountryAnimation.cs using Guid(8774faefc447a20458c1e31244ff2b9e) Importer(815301076,1909f56bfc062723c751e8b465ee728b)  -> (artifact id: 'd02c530c021edca41a6ba16aed9c3a4e') in 0.012739 seconds
  Import took 0.019649 seconds .

========================================================================
Received Import Request.
  Time since last request: 0.002275 seconds.
  path: Assets/Scripts/Components/country/CountryAnimation.cs
  artifactKey: Guid(8774faefc447a20458c1e31244ff2b9e) Importer(815301076,1909f56bfc062723c751e8b465ee728b)
Start importing Assets/Scripts/Components/country/CountryAnimation.cs using Guid(8774faefc447a20458c1e31244ff2b9e) Importer(815301076,1909f56bfc062723c751e8b465ee728b)  -> (artifact id: 'd02c530c021edca41a6ba16aed9c3a4e') in 0.004864 seconds
  Import took 0.013031 seconds .

========================================================================
Received Import Request.
  Time since last request: 71.479285 seconds.
  path: Assets/Prefabs/ar/ARIndicator.prefab
  artifactKey: Guid(1330c9f67cdd3df438f81b4b9bf63d5d) Importer(815301076,1909f56bfc062723c751e8b465ee728b)
Start importing Assets/Prefabs/ar/ARIndicator.prefab using Guid(1330c9f67cdd3df438f81b4b9bf63d5d) Importer(815301076,1909f56bfc062723c751e8b465ee728b)  -> (artifact id: '313c937ca08904ab9da3f7640942af00') in 0.252302 seconds
  Import took 0.260167 seconds .

========================================================================
Received Import Request.
  Time since last request: 0.720410 seconds.
  path: Assets/Prefabs/ar/ARPlane.prefab
  artifactKey: Guid(635f0c5c56e955042b05a01c20415c3b) Importer(815301076,1909f56bfc062723c751e8b465ee728b)
Start importing Assets/Prefabs/ar/ARPlane.prefab using Guid(635f0c5c56e955042b05a01c20415c3b) Importer(815301076,1909f56bfc062723c751e8b465ee728b)  -> (artifact id: '2c564672b6de01c27b076e63f325a739') in 0.011641 seconds
  Import took 0.019256 seconds .

========================================================================
Received Import Request.
  Time since last request: 2.231360 seconds.
  path: Assets/Prefabs/ar/ARPointCloud.prefab
  artifactKey: Guid(2a91e1f16d3bef84eb6c25e4c6a63fdb) Importer(815301076,1909f56bfc062723c751e8b465ee728b)
Start importing Assets/Prefabs/ar/ARPointCloud.prefab using Guid(2a91e1f16d3bef84eb6c25e4c6a63fdb) Importer(815301076,1909f56bfc062723c751e8b465ee728b)  -> (artifact id: 'f242025e0cd01b33b6c781ad157f89c4') in 0.012084 seconds
  Import took 0.018720 seconds .

========================================================================
Received Import Request.
  Time since last request: 0.082073 seconds.
  path: Assets/Prefabs/ar/ARPointCloud.prefab
  artifactKey: Guid(2a91e1f16d3bef84eb6c25e4c6a63fdb) Importer(815301076,1909f56bfc062723c751e8b465ee728b)
Start importing Assets/Prefabs/ar/ARPointCloud.prefab using Guid(2a91e1f16d3bef84eb6c25e4c6a63fdb) Importer(815301076,1909f56bfc062723c751e8b465ee728b)  -> (artifact id: 'f242025e0cd01b33b6c781ad157f89c4') in 0.006217 seconds
  Import took 0.013141 seconds .

========================================================================
Received Import Request.
  Time since last request: 0.007257 seconds.
  path: Assets/Art/Material/ar/FeaturePointMat.mat
  artifactKey: Guid(1ff7e79fd64f7469a96dff1e97f179a9) Importer(815301076,1909f56bfc062723c751e8b465ee728b)
Start importing Assets/Art/Material/ar/FeaturePointMat.mat using Guid(1ff7e79fd64f7469a96dff1e97f179a9) Importer(815301076,1909f56bfc062723c751e8b465ee728b)  -> (artifact id: 'fb8131fbe9885d78bd0e7a8b7f2eb405') in 0.082816 seconds
  Import took 0.089304 seconds .

========================================================================
Received Import Request.
  Time since last request: 3.235542 seconds.
  path: Assets/Prefabs/ar/AR Default Plane.prefab
  artifactKey: Guid(1e05477fca8f7164f80a192fc10ab6b0) Importer(815301076,1909f56bfc062723c751e8b465ee728b)
Start importing Assets/Prefabs/ar/AR Default Plane.prefab using Guid(1e05477fca8f7164f80a192fc10ab6b0) Importer(815301076,1909f56bfc062723c751e8b465ee728b)  -> (artifact id: 'dd88aa25f606e75b2ce40aa8063cf368') in 0.008669 seconds
  Import took 0.015424 seconds .

========================================================================
Received Import Request.
  Time since last request: 0.053951 seconds.
  path: Assets/Prefabs/ar/AR Default Plane.prefab
  artifactKey: Guid(1e05477fca8f7164f80a192fc10ab6b0) Importer(815301076,1909f56bfc062723c751e8b465ee728b)
Start importing Assets/Prefabs/ar/AR Default Plane.prefab using Guid(1e05477fca8f7164f80a192fc10ab6b0) Importer(815301076,1909f56bfc062723c751e8b465ee728b)  -> (artifact id: 'dd88aa25f606e75b2ce40aa8063cf368') in 0.005333 seconds
  Import took 0.013112 seconds .

========================================================================
Received Import Request.
  Time since last request: 7.939931 seconds.
  path: Assets/Prefabs/ar/AR Default Point Cloud.prefab
  artifactKey: Guid(565d4b2365f1e6741b3c61f6a60d94aa) Importer(815301076,1909f56bfc062723c751e8b465ee728b)
Start importing Assets/Prefabs/ar/AR Default Point Cloud.prefab using Guid(565d4b2365f1e6741b3c61f6a60d94aa) Importer(815301076,1909f56bfc062723c751e8b465ee728b)  -> (artifact id: '5053b212d3501b089ebc609a8b2f7830') in 0.009796 seconds
  Import took 0.018059 seconds .

========================================================================
Received Import Request.
  Time since last request: 1.568857 seconds.
  path: Assets/Prefabs/ar/AR Raycast Prefab.prefab
  artifactKey: Guid(5cfc5ed91aa77d2409256d5dde7a1416) Importer(815301076,1909f56bfc062723c751e8b465ee728b)
Start importing Assets/Prefabs/ar/AR Raycast Prefab.prefab using Guid(5cfc5ed91aa77d2409256d5dde7a1416) Importer(815301076,1909f56bfc062723c751e8b465ee728b)  -> (artifact id: 'd044ece97394a4de4dba53a3c5428099') in 0.010925 seconds
  Import took 0.018406 seconds .

========================================================================
Received Import Request.
  Time since last request: 5.441955 seconds.
  path: Assets/Prefabs/ar/AR Default Indicator.prefab
  artifactKey: Guid(1330c9f67cdd3df438f81b4b9bf63d5d) Importer(815301076,1909f56bfc062723c751e8b465ee728b)
Start importing Assets/Prefabs/ar/AR Default Indicator.prefab using Guid(1330c9f67cdd3df438f81b4b9bf63d5d) Importer(815301076,1909f56bfc062723c751e8b465ee728b)  -> (artifact id: '13cb8da96fc770396bbcad40b0442a70') in 0.022535 seconds
  Import took 0.030069 seconds .

========================================================================
Received Import Request.
  Time since last request: 8.135590 seconds.
  path: Assets/Prefabs/country/Argentina.prefab
  artifactKey: Guid(3de5a567ab579774f877f5b1bc143a72) Importer(815301076,1909f56bfc062723c751e8b465ee728b)
Start importing Assets/Prefabs/country/Argentina.prefab using Guid(3de5a567ab579774f877f5b1bc143a72) Importer(815301076,1909f56bfc062723c751e8b465ee728b)  -> (artifact id: 'bd5d63af341d16e57021a77b6bc92580') in 0.174209 seconds
  Import took 0.183377 seconds .

========================================================================
Received Import Request.
  Time since last request: 5.596688 seconds.
  path: Assets/Prefabs/state/StateHandler.prefab
  artifactKey: Guid(0bd4570f58b5ba74d920e48cd8dd788d) Importer(815301076,1909f56bfc062723c751e8b465ee728b)
Start importing Assets/Prefabs/state/StateHandler.prefab using Guid(0bd4570f58b5ba74d920e48cd8dd788d) Importer(815301076,1909f56bfc062723c751e8b465ee728b)  -> (artifact id: '56e562ca360e40062fe8f9fda47fc154') in 0.046251 seconds
  Import took 0.054213 seconds .

========================================================================
Received Import Request.
  Time since last request: 5.742447 seconds.
  path: Assets/Prefabs/ui animation/Animation.prefab
  artifactKey: Guid(71a1e942a834b6d46927925dca5d4c82) Importer(815301076,1909f56bfc062723c751e8b465ee728b)
Start importing Assets/Prefabs/ui animation/Animation.prefab using Guid(71a1e942a834b6d46927925dca5d4c82) Importer(815301076,1909f56bfc062723c751e8b465ee728b)  -> (artifact id: '749920bc6887b4cd9b12729e14d125f2') in 0.090292 seconds
  Import took 0.101125 seconds .

========================================================================
Received Prepare
Registering precompiled user dll's ...
Registered in 0.005854 seconds.
Begin MonoManager ReloadAssembly
Native extension for WindowsStandalone target not found
Native extension for WebGL target not found
Refreshing native plugins compatible for Editor in 0.75 ms, found 1 plugins.
Preloading 0 native plugins for Editor in 0.00 ms.
Mono: successfully reloaded assembly
- Completed reload, in  1.132 seconds
Platform modules already initialized, skipping
Switching build target platform(5) subTarget(0) extendedPlatform(0) -> platform(13) subTarget(524288) extendedPlatform(0)
Shader 'Universal Render Pipeline/Particles/Lit': fallback shader 'Universal Render Pipeline/Particles/SimpleLit' not found
Refreshing native plugins compatible for Editor in 0.74 ms, found 1 plugins.
Preloading 0 native plugins for Editor in 0.00 ms.
Unloading 4098 Unused Serialized files (Serialized files now loaded: 0)
System memory in use before: 170.5 MB.
System memory in use after: 170.8 MB.

Unloading 13 unused Assets to reduce memory usage. Loaded Objects now: 4770.
Total: 4.119200 ms (FindLiveObjects: 0.842800 ms CreateObjectMapping: 0.280900 ms MarkObjects: 2.934800 ms  DeleteObjects: 0.057400 ms)

AssetImportParameters requested are different than current active one (requested -> active):
  custom:graphics/normal-map-encoding: 01000000000000000000000000000000 -> 02000000000000000000000000000000
AssetImportWorkerClient::OnTransportError - code=2 error=End of file
